<?xml version="1.0" encoding="UTF-8"?>
<testsuite xmlns:xsi="http://www.w3.org/2001/XMLSchema-instance" xsi:noNamespaceSchemaLocation="https://maven.apache.org/surefire/maven-surefire-plugin/xsd/surefire-test-report.xsd" name="org.claro.post.documentosSaldoReclamo.integration.AppTest" time="0.011" tests="1" errors="0" skipped="0" failures="0">
  <properties>
    <property name="sun.desktop" value="windows"/>
    <property name="awt.toolkit" value="sun.awt.windows.WToolkit"/>
    <property name="file.encoding.pkg" value="sun.io"/>
    <property name="java.specification.version" value="1.8"/>
    <property name="sun.cpu.isalist" value="amd64"/>
    <property name="sun.jnu.encoding" value="Cp1252"/>
    <property name="java.class.path" value="C:\Claro-GitLab\claro-post-documentossaldoreclamo\claro-post-documentosSaldoReclamo-integration\target\test-classes;C:\Claro-GitLab\claro-post-documentossaldoreclamo\claro-post-documentosSaldoReclamo-integration\target\classes;C:\Users\cmaluqui\.m2\repository\junit\junit\3.8.1\junit-3.8.1.jar;C:\Users\cmaluqui\.m2\repository\org\mockito\mockito-core\2.18.3\mockito-core-2.18.3.jar;C:\Users\cmaluqui\.m2\repository\net\bytebuddy\byte-buddy\1.8.5\byte-buddy-1.8.5.jar;C:\Users\cmaluqui\.m2\repository\net\bytebuddy\byte-buddy-agent\1.8.5\byte-buddy-agent-1.8.5.jar;C:\Users\cmaluqui\.m2\repository\org\objenesis\objenesis\2.6\objenesis-2.6.jar;C:\Users\cmaluqui\.m2\repository\com\google\code\gson\gson\2.8.5\gson-2.8.5.jar;C:\Users\cmaluqui\.m2\repository\com\sun\jersey\jersey-client\1.9.1\jersey-client-1.9.1.jar;C:\Users\cmaluqui\.m2\repository\com\sun\jersey\jersey-core\1.9.1\jersey-core-1.9.1.jar;C:\Users\cmaluqui\.m2\repository\com\fasterxml\jackson\core\jackson-databind\2.9.0\jackson-databind-2.9.0.jar;C:\Users\cmaluqui\.m2\repository\com\fasterxml\jackson\core\jackson-annotations\2.9.0\jackson-annotations-2.9.0.jar;C:\Users\cmaluqui\.m2\repository\com\fasterxml\jackson\core\jackson-core\2.9.0\jackson-core-2.9.0.jar;C:\Claro-GitLab\claro-post-documentossaldoreclamo\claro-rest-api-client\target\claro-rest-api-client-2.0.0.jar;C:\Users\cmaluqui\.m2\repository\org\glassfish\jersey\core\jersey-client\2.22.1\jersey-client-2.22.1.jar;C:\Users\cmaluqui\.m2\repository\javax\ws\rs\javax.ws.rs-api\2.0.1\javax.ws.rs-api-2.0.1.jar;C:\Users\cmaluqui\.m2\repository\org\glassfish\jersey\core\jersey-common\2.22.1\jersey-common-2.22.1.jar;C:\Users\cmaluqui\.m2\repository\javax\annotation\javax.annotation-api\1.2\javax.annotation-api-1.2.jar;C:\Users\cmaluqui\.m2\repository\org\glassfish\jersey\bundles\repackaged\jersey-guava\2.22.1\jersey-guava-2.22.1.jar;C:\Users\cmaluqui\.m2\repository\org\glassfish\hk2\hk2-api\2.4.0-b31\hk2-api-2.4.0-b31.jar;C:\Users\cmaluqui\.m2\repository\org\glassfish\hk2\hk2-utils\2.4.0-b31\hk2-utils-2.4.0-b31.jar;C:\Users\cmaluqui\.m2\repository\org\glassfish\hk2\external\aopalliance-repackaged\2.4.0-b31\aopalliance-repackaged-2.4.0-b31.jar;C:\Users\cmaluqui\.m2\repository\org\glassfish\hk2\external\javax.inject\2.4.0-b31\javax.inject-2.4.0-b31.jar;C:\Users\cmaluqui\.m2\repository\org\glassfish\hk2\hk2-locator\2.4.0-b31\hk2-locator-2.4.0-b31.jar;C:\Users\cmaluqui\.m2\repository\org\javassist\javassist\3.18.1-GA\javassist-3.18.1-GA.jar;C:\Users\cmaluqui\.m2\repository\org\glassfish\jersey\media\jersey-media-jaxb\2.22.1\jersey-media-jaxb-2.22.1.jar;C:\Users\cmaluqui\.m2\repository\org\glassfish\hk2\osgi-resource-locator\1.0.1\osgi-resource-locator-1.0.1.jar;C:\Claro-GitLab\claro-post-documentossaldoreclamo\claro-rest-api-common\target\claro-rest-api-common-2.0.0.jar;C:\Users\cmaluqui\.m2\repository\com\wordnik\swagger-jaxrs_2.10\1.3.13\swagger-jaxrs_2.10-1.3.13.jar;C:\Users\cmaluqui\.m2\repository\org\scala-lang\scala-library\2.10.4\scala-library-2.10.4.jar;C:\Users\cmaluqui\.m2\repository\com\wordnik\swagger-core_2.10\1.3.13\swagger-core_2.10-1.3.13.jar;C:\Users\cmaluqui\.m2\repository\com\fasterxml\jackson\module\jackson-module-scala_2.10\2.4.1\jackson-module-scala_2.10-2.4.1.jar;C:\Users\cmaluqui\.m2\repository\org\scala-lang\scala-reflect\2.10.4\scala-reflect-2.10.4.jar;C:\Users\cmaluqui\.m2\repository\com\thoughtworks\paranamer\paranamer\2.6\paranamer-2.6.jar;C:\Users\cmaluqui\.m2\repository\com\google\code\findbugs\jsr305\2.0.1\jsr305-2.0.1.jar;C:\Users\cmaluqui\.m2\repository\com\fasterxml\jackson\module\jackson-module-jsonSchema\2.4.1\jackson-module-jsonSchema-2.4.1.jar;C:\Users\cmaluqui\.m2\repository\com\fasterxml\jackson\jaxrs\jackson-jaxrs-json-provider\2.4.1\jackson-jaxrs-json-provider-2.4.1.jar;C:\Users\cmaluqui\.m2\repository\com\fasterxml\jackson\jaxrs\jackson-jaxrs-base\2.4.1\jackson-jaxrs-base-2.4.1.jar;C:\Users\cmaluqui\.m2\repository\com\fasterxml\jackson\module\jackson-module-jaxb-annotations\2.4.1\jackson-module-jaxb-annotations-2.4.1.jar;C:\Users\cmaluqui\.m2\repository\com\wordnik\swagger-annotations\1.3.13\swagger-annotations-1.3.13.jar;C:\Users\cmaluqui\.m2\repository\org\json4s\json4s-ext_2.10\3.2.11\json4s-ext_2.10-3.2.11.jar;C:\Users\cmaluqui\.m2\repository\joda-time\joda-time\2.3\joda-time-2.3.jar;C:\Users\cmaluqui\.m2\repository\org\joda\joda-convert\1.6\joda-convert-1.6.jar;C:\Users\cmaluqui\.m2\repository\org\json4s\json4s-native_2.10\3.2.11\json4s-native_2.10-3.2.11.jar;C:\Users\cmaluqui\.m2\repository\org\json4s\json4s-core_2.10\3.2.11\json4s-core_2.10-3.2.11.jar;C:\Users\cmaluqui\.m2\repository\org\json4s\json4s-ast_2.10\3.2.11\json4s-ast_2.10-3.2.11.jar;C:\Users\cmaluqui\.m2\repository\org\scala-lang\scalap\2.10.0\scalap-2.10.0.jar;C:\Users\cmaluqui\.m2\repository\org\scala-lang\scala-compiler\2.10.0\scala-compiler-2.10.0.jar;C:\Users\cmaluqui\.m2\repository\org\json4s\json4s-jackson_2.10\3.2.11\json4s-jackson_2.10-3.2.11.jar;C:\Users\cmaluqui\.m2\repository\javax\ws\rs\jsr311-api\1.1.1\jsr311-api-1.1.1.jar;C:\Users\cmaluqui\.m2\repository\org\reflections\reflections\0.9.9\reflections-0.9.9.jar;C:\Users\cmaluqui\.m2\repository\com\google\guava\guava\15.0\guava-15.0.jar;C:\Users\cmaluqui\.m2\repository\com\google\code\findbugs\annotations\2.0.1\annotations-2.0.1.jar;C:\Users\cmaluqui\.m2\repository\org\hibernate\javax\persistence\hibernate-jpa-2.1-api\1.0.0.Final\hibernate-jpa-2.1-api-1.0.0.Final.jar;C:\Users\cmaluqui\.m2\repository\org\hibernate\hibernate-entitymanager\5.1.0.Final\hibernate-entitymanager-5.1.0.Final.jar;C:\Users\cmaluqui\.m2\repository\org\jboss\logging\jboss-logging\3.3.0.Final\jboss-logging-3.3.0.Final.jar;C:\Users\cmaluqui\.m2\repository\org\hibernate\hibernate-core\5.1.0.Final\hibernate-core-5.1.0.Final.jar;C:\Users\cmaluqui\.m2\repository\antlr\antlr\2.7.7\antlr-2.7.7.jar;C:\Users\cmaluqui\.m2\repository\org\jboss\jandex\2.0.0.Final\jandex-2.0.0.Final.jar;C:\Users\cmaluqui\.m2\repository\com\fasterxml\classmate\1.3.0\classmate-1.3.0.jar;C:\Users\cmaluqui\.m2\repository\dom4j\dom4j\1.6.1\dom4j-1.6.1.jar;C:\Users\cmaluqui\.m2\repository\xml-apis\xml-apis\1.0.b2\xml-apis-1.0.b2.jar;C:\Users\cmaluqui\.m2\repository\org\hibernate\common\hibernate-commons-annotations\5.0.1.Final\hibernate-commons-annotations-5.0.1.Final.jar;C:\Users\cmaluqui\.m2\repository\org\apache\geronimo\specs\geronimo-jta_1.1_spec\1.1.1\geronimo-jta_1.1_spec-1.1.1.jar;C:\Claro-GitLab\claro-post-documentossaldoreclamo\claro-common\target\claro-common-1.0.0.jar;C:\Users\cmaluqui\.m2\repository\org\slf4j\slf4j-api\1.7.12\slf4j-api-1.7.12.jar;C:\Users\cmaluqui\.m2\repository\log4j\log4j\1.2.14\log4j-1.2.14.jar;C:\Users\cmaluqui\.m2\repository\org\slf4j\jcl-over-slf4j\1.6.1\jcl-over-slf4j-1.6.1.jar;C:\Users\cmaluqui\.m2\repository\org\slf4j\slf4j-log4j12\1.6.1\slf4j-log4j12-1.6.1.jar;C:\Users\cmaluqui\.m2\repository\commons-beanutils\commons-beanutils\1.9.2\commons-beanutils-1.9.2.jar;C:\Users\cmaluqui\.m2\repository\commons-collections\commons-collections\3.2.1\commons-collections-3.2.1.jar;C:\Users\cmaluqui\.m2\repository\org\apache\commons\commons-lang3\3.7\commons-lang3-3.7.jar;C:\Users\cmaluqui\.m2\repository\org\modelmapper\modelmapper\0.7.4\modelmapper-0.7.4.jar;C:\Claro-GitLab\claro-post-documentossaldoreclamo\claro-post-documentosSaldoReclamo-canonical\target\claro-post-documentosSaldoReclamo-canonical-1.0.0.jar;C:\Claro-GitLab\claro-post-documentossaldoreclamo\claro-post-documentosSaldoReclamo-model\target\claro-post-documentosSaldoReclamo-model-1.0.0.jar;C:\Users\cmaluqui\.m2\repository\pe\com\claro\eai\ConsultaFacturas-Client\1.0\ConsultaFacturas-Client-1.0.jar;C:\Users\cmaluqui\.m2\repository\pe\com\claro\eai\ebsReclamosPostpagoService-Client\1.0\ebsReclamosPostpagoService-Client-1.0.jar;C:\Users\cmaluqui\.m2\repository\pe\com\claro\eai\ConsultaLineaCuentaWSService-Client\1.0.0\ConsultaLineaCuentaWSService-Client-1.0.0.jar;C:\Users\cmaluqui\.m2\repository\pe\com\claro\eai\claro-post-categoriafactura-Client\1.0.0\claro-post-categoriafactura-Client-1.0.0.jar;C:\Users\cmaluqui\.m2\repository\pe\com\claro\eai\contracts-search-service\1.0.0\contracts-search-service-1.0.0.jar;C:\Users\cmaluqui\.m2\repository\pe\com\claro\eai\claro-post-factura-client\1.0.0\claro-post-factura-client-1.0.0.jar;C:\Users\cmaluqui\.m2\repository\org\springframework\spring-core\3.1.0.RELEASE\spring-core-3.1.0.RELEASE.jar;C:\Users\cmaluqui\.m2\repository\org\springframework\spring-asm\3.1.0.RELEASE\spring-asm-3.1.0.RELEASE.jar;C:\Users\cmaluqui\.m2\repository\commons-logging\commons-logging\1.1.1\commons-logging-1.1.1.jar;C:\Users\cmaluqui\.m2\repository\org\springframework\spring-beans\3.1.0.RELEASE\spring-beans-3.1.0.RELEASE.jar;C:\Users\cmaluqui\.m2\repository\org\springframework\spring-web\3.1.0.RELEASE\spring-web-3.1.0.RELEASE.jar;C:\Users\cmaluqui\.m2\repository\aopalliance\aopalliance\1.0\aopalliance-1.0.jar;C:\Users\cmaluqui\.m2\repository\org\springframework\spring-context\3.1.0.RELEASE\spring-context-3.1.0.RELEASE.jar;C:\Users\cmaluqui\.m2\repository\org\springframework\spring-expression\3.1.0.RELEASE\spring-expression-3.1.0.RELEASE.jar;C:\Users\cmaluqui\.m2\repository\org\springframework\spring-jdbc\3.1.0.RELEASE\spring-jdbc-3.1.0.RELEASE.jar;C:\Users\cmaluqui\.m2\repository\org\springframework\spring-tx\3.1.0.RELEASE\spring-tx-3.1.0.RELEASE.jar;C:\Users\cmaluqui\.m2\repository\org\springframework\spring-jms\3.1.0.RELEASE\spring-jms-3.1.0.RELEASE.jar;C:\Users\cmaluqui\.m2\repository\org\springframework\spring-aop\3.1.0.RELEASE\spring-aop-3.1.0.RELEASE.jar;C:\Users\cmaluqui\.m2\repository\javax\javaee-api\7.0\javaee-api-7.0.jar;C:\Users\cmaluqui\.m2\repository\com\sun\mail\javax.mail\1.5.0\javax.mail-1.5.0.jar;C:\Users\cmaluqui\.m2\repository\javax\activation\activation\1.1\activation-1.1.jar;C:\Users\cmaluqui\.m2\repository\com\jcraft\jsch\0.1.55\jsch-0.1.55.jar;"/>
    <property name="java.vm.vendor" value="Oracle Corporation"/>
    <property name="sun.arch.data.model" value="64"/>
    <property name="user.variant" value=""/>
    <property name="java.vendor.url" value="http://java.oracle.com/"/>
    <property name="user.timezone" value="America/Bogota"/>
    <property name="java.vm.specification.version" value="1.8"/>
    <property name="os.name" value="Windows 10"/>
    <property name="user.country" value="PE"/>
    <property name="sun.java.launcher" value="SUN_STANDARD"/>
    <property name="sun.boot.library.path" value="C:\Program Files\Java\jdk1.8.0_241\jre\bin"/>
    <property name="sun.java.command" value="C:\Users\cmaluqui\AppData\Local\Temp\surefire5613394412555655786\surefirebooter7323398023444292526.jar C:\Users\cmaluqui\AppData\Local\Temp\surefire5613394412555655786 2020-05-15T16-33-05_459-jvmRun1 surefire5970946046757100964tmp surefire_01048751477964668372tmp"/>
    <property name="surefire.test.class.path" value="C:\Claro-GitLab\claro-post-documentossaldoreclamo\claro-post-documentosSaldoReclamo-integration\target\test-classes;C:\Claro-GitLab\claro-post-documentossaldoreclamo\claro-post-documentosSaldoReclamo-integration\target\classes;C:\Users\cmaluqui\.m2\repository\junit\junit\3.8.1\junit-3.8.1.jar;C:\Users\cmaluqui\.m2\repository\org\mockito\mockito-core\2.18.3\mockito-core-2.18.3.jar;C:\Users\cmaluqui\.m2\repository\net\bytebuddy\byte-buddy\1.8.5\byte-buddy-1.8.5.jar;C:\Users\cmaluqui\.m2\repository\net\bytebuddy\byte-buddy-agent\1.8.5\byte-buddy-agent-1.8.5.jar;C:\Users\cmaluqui\.m2\repository\org\objenesis\objenesis\2.6\objenesis-2.6.jar;C:\Users\cmaluqui\.m2\repository\com\google\code\gson\gson\2.8.5\gson-2.8.5.jar;C:\Users\cmaluqui\.m2\repository\com\sun\jersey\jersey-client\1.9.1\jersey-client-1.9.1.jar;C:\Users\cmaluqui\.m2\repository\com\sun\jersey\jersey-core\1.9.1\jersey-core-1.9.1.jar;C:\Users\cmaluqui\.m2\repository\com\fasterxml\jackson\core\jackson-databind\2.9.0\jackson-databind-2.9.0.jar;C:\Users\cmaluqui\.m2\repository\com\fasterxml\jackson\core\jackson-annotations\2.9.0\jackson-annotations-2.9.0.jar;C:\Users\cmaluqui\.m2\repository\com\fasterxml\jackson\core\jackson-core\2.9.0\jackson-core-2.9.0.jar;C:\Claro-GitLab\claro-post-documentossaldoreclamo\claro-rest-api-client\target\claro-rest-api-client-2.0.0.jar;C:\Users\cmaluqui\.m2\repository\org\glassfish\jersey\core\jersey-client\2.22.1\jersey-client-2.22.1.jar;C:\Users\cmaluqui\.m2\repository\javax\ws\rs\javax.ws.rs-api\2.0.1\javax.ws.rs-api-2.0.1.jar;C:\Users\cmaluqui\.m2\repository\org\glassfish\jersey\core\jersey-common\2.22.1\jersey-common-2.22.1.jar;C:\Users\cmaluqui\.m2\repository\javax\annotation\javax.annotation-api\1.2\javax.annotation-api-1.2.jar;C:\Users\cmaluqui\.m2\repository\org\glassfish\jersey\bundles\repackaged\jersey-guava\2.22.1\jersey-guava-2.22.1.jar;C:\Users\cmaluqui\.m2\repository\org\glassfish\hk2\hk2-api\2.4.0-b31\hk2-api-2.4.0-b31.jar;C:\Users\cmaluqui\.m2\repository\org\glassfish\hk2\hk2-utils\2.4.0-b31\hk2-utils-2.4.0-b31.jar;C:\Users\cmaluqui\.m2\repository\org\glassfish\hk2\external\aopalliance-repackaged\2.4.0-b31\aopalliance-repackaged-2.4.0-b31.jar;C:\Users\cmaluqui\.m2\repository\org\glassfish\hk2\external\javax.inject\2.4.0-b31\javax.inject-2.4.0-b31.jar;C:\Users\cmaluqui\.m2\repository\org\glassfish\hk2\hk2-locator\2.4.0-b31\hk2-locator-2.4.0-b31.jar;C:\Users\cmaluqui\.m2\repository\org\javassist\javassist\3.18.1-GA\javassist-3.18.1-GA.jar;C:\Users\cmaluqui\.m2\repository\org\glassfish\jersey\media\jersey-media-jaxb\2.22.1\jersey-media-jaxb-2.22.1.jar;C:\Users\cmaluqui\.m2\repository\org\glassfish\hk2\osgi-resource-locator\1.0.1\osgi-resource-locator-1.0.1.jar;C:\Claro-GitLab\claro-post-documentossaldoreclamo\claro-rest-api-common\target\claro-rest-api-common-2.0.0.jar;C:\Users\cmaluqui\.m2\repository\com\wordnik\swagger-jaxrs_2.10\1.3.13\swagger-jaxrs_2.10-1.3.13.jar;C:\Users\cmaluqui\.m2\repository\org\scala-lang\scala-library\2.10.4\scala-library-2.10.4.jar;C:\Users\cmaluqui\.m2\repository\com\wordnik\swagger-core_2.10\1.3.13\swagger-core_2.10-1.3.13.jar;C:\Users\cmaluqui\.m2\repository\com\fasterxml\jackson\module\jackson-module-scala_2.10\2.4.1\jackson-module-scala_2.10-2.4.1.jar;C:\Users\cmaluqui\.m2\repository\org\scala-lang\scala-reflect\2.10.4\scala-reflect-2.10.4.jar;C:\Users\cmaluqui\.m2\repository\com\thoughtworks\paranamer\paranamer\2.6\paranamer-2.6.jar;C:\Users\cmaluqui\.m2\repository\com\google\code\findbugs\jsr305\2.0.1\jsr305-2.0.1.jar;C:\Users\cmaluqui\.m2\repository\com\fasterxml\jackson\module\jackson-module-jsonSchema\2.4.1\jackson-module-jsonSchema-2.4.1.jar;C:\Users\cmaluqui\.m2\repository\com\fasterxml\jackson\jaxrs\jackson-jaxrs-json-provider\2.4.1\jackson-jaxrs-json-provider-2.4.1.jar;C:\Users\cmaluqui\.m2\repository\com\fasterxml\jackson\jaxrs\jackson-jaxrs-base\2.4.1\jackson-jaxrs-base-2.4.1.jar;C:\Users\cmaluqui\.m2\repository\com\fasterxml\jackson\module\jackson-module-jaxb-annotations\2.4.1\jackson-module-jaxb-annotations-2.4.1.jar;C:\Users\cmaluqui\.m2\repository\com\wordnik\swagger-annotations\1.3.13\swagger-annotations-1.3.13.jar;C:\Users\cmaluqui\.m2\repository\org\json4s\json4s-ext_2.10\3.2.11\json4s-ext_2.10-3.2.11.jar;C:\Users\cmaluqui\.m2\repository\joda-time\joda-time\2.3\joda-time-2.3.jar;C:\Users\cmaluqui\.m2\repository\org\joda\joda-convert\1.6\joda-convert-1.6.jar;C:\Users\cmaluqui\.m2\repository\org\json4s\json4s-native_2.10\3.2.11\json4s-native_2.10-3.2.11.jar;C:\Users\cmaluqui\.m2\repository\org\json4s\json4s-core_2.10\3.2.11\json4s-core_2.10-3.2.11.jar;C:\Users\cmaluqui\.m2\repository\org\json4s\json4s-ast_2.10\3.2.11\json4s-ast_2.10-3.2.11.jar;C:\Users\cmaluqui\.m2\repository\org\scala-lang\scalap\2.10.0\scalap-2.10.0.jar;C:\Users\cmaluqui\.m2\repository\org\scala-lang\scala-compiler\2.10.0\scala-compiler-2.10.0.jar;C:\Users\cmaluqui\.m2\repository\org\json4s\json4s-jackson_2.10\3.2.11\json4s-jackson_2.10-3.2.11.jar;C:\Users\cmaluqui\.m2\repository\javax\ws\rs\jsr311-api\1.1.1\jsr311-api-1.1.1.jar;C:\Users\cmaluqui\.m2\repository\org\reflections\reflections\0.9.9\reflections-0.9.9.jar;C:\Users\cmaluqui\.m2\repository\com\google\guava\guava\15.0\guava-15.0.jar;C:\Users\cmaluqui\.m2\repository\com\google\code\findbugs\annotations\2.0.1\annotations-2.0.1.jar;C:\Users\cmaluqui\.m2\repository\org\hibernate\javax\persistence\hibernate-jpa-2.1-api\1.0.0.Final\hibernate-jpa-2.1-api-1.0.0.Final.jar;C:\Users\cmaluqui\.m2\repository\org\hibernate\hibernate-entitymanager\5.1.0.Final\hibernate-entitymanager-5.1.0.Final.jar;C:\Users\cmaluqui\.m2\repository\org\jboss\logging\jboss-logging\3.3.0.Final\jboss-logging-3.3.0.Final.jar;C:\Users\cmaluqui\.m2\repository\org\hibernate\hibernate-core\5.1.0.Final\hibernate-core-5.1.0.Final.jar;C:\Users\cmaluqui\.m2\repository\antlr\antlr\2.7.7\antlr-2.7.7.jar;C:\Users\cmaluqui\.m2\repository\org\jboss\jandex\2.0.0.Final\jandex-2.0.0.Final.jar;C:\Users\cmaluqui\.m2\repository\com\fasterxml\classmate\1.3.0\classmate-1.3.0.jar;C:\Users\cmaluqui\.m2\repository\dom4j\dom4j\1.6.1\dom4j-1.6.1.jar;C:\Users\cmaluqui\.m2\repository\xml-apis\xml-apis\1.0.b2\xml-apis-1.0.b2.jar;C:\Users\cmaluqui\.m2\repository\org\hibernate\common\hibernate-commons-annotations\5.0.1.Final\hibernate-commons-annotations-5.0.1.Final.jar;C:\Users\cmaluqui\.m2\repository\org\apache\geronimo\specs\geronimo-jta_1.1_spec\1.1.1\geronimo-jta_1.1_spec-1.1.1.jar;C:\Claro-GitLab\claro-post-documentossaldoreclamo\claro-common\target\claro-common-1.0.0.jar;C:\Users\cmaluqui\.m2\repository\org\slf4j\slf4j-api\1.7.12\slf4j-api-1.7.12.jar;C:\Users\cmaluqui\.m2\repository\log4j\log4j\1.2.14\log4j-1.2.14.jar;C:\Users\cmaluqui\.m2\repository\org\slf4j\jcl-over-slf4j\1.6.1\jcl-over-slf4j-1.6.1.jar;C:\Users\cmaluqui\.m2\repository\org\slf4j\slf4j-log4j12\1.6.1\slf4j-log4j12-1.6.1.jar;C:\Users\cmaluqui\.m2\repository\commons-beanutils\commons-beanutils\1.9.2\commons-beanutils-1.9.2.jar;C:\Users\cmaluqui\.m2\repository\commons-collections\commons-collections\3.2.1\commons-collections-3.2.1.jar;C:\Users\cmaluqui\.m2\repository\org\apache\commons\commons-lang3\3.7\commons-lang3-3.7.jar;C:\Users\cmaluqui\.m2\repository\org\modelmapper\modelmapper\0.7.4\modelmapper-0.7.4.jar;C:\Claro-GitLab\claro-post-documentossaldoreclamo\claro-post-documentosSaldoReclamo-canonical\target\claro-post-documentosSaldoReclamo-canonical-1.0.0.jar;C:\Claro-GitLab\claro-post-documentossaldoreclamo\claro-post-documentosSaldoReclamo-model\target\claro-post-documentosSaldoReclamo-model-1.0.0.jar;C:\Users\cmaluqui\.m2\repository\pe\com\claro\eai\ConsultaFacturas-Client\1.0\ConsultaFacturas-Client-1.0.jar;C:\Users\cmaluqui\.m2\repository\pe\com\claro\eai\ebsReclamosPostpagoService-Client\1.0\ebsReclamosPostpagoService-Client-1.0.jar;C:\Users\cmaluqui\.m2\repository\pe\com\claro\eai\ConsultaLineaCuentaWSService-Client\1.0.0\ConsultaLineaCuentaWSService-Client-1.0.0.jar;C:\Users\cmaluqui\.m2\repository\pe\com\claro\eai\claro-post-categoriafactura-Client\1.0.0\claro-post-categoriafactura-Client-1.0.0.jar;C:\Users\cmaluqui\.m2\repository\pe\com\claro\eai\contracts-search-service\1.0.0\contracts-search-service-1.0.0.jar;C:\Users\cmaluqui\.m2\repository\pe\com\claro\eai\claro-post-factura-client\1.0.0\claro-post-factura-client-1.0.0.jar;C:\Users\cmaluqui\.m2\repository\org\springframework\spring-core\3.1.0.RELEASE\spring-core-3.1.0.RELEASE.jar;C:\Users\cmaluqui\.m2\repository\org\springframework\spring-asm\3.1.0.RELEASE\spring-asm-3.1.0.RELEASE.jar;C:\Users\cmaluqui\.m2\repository\commons-logging\commons-logging\1.1.1\commons-logging-1.1.1.jar;C:\Users\cmaluqui\.m2\repository\org\springframework\spring-beans\3.1.0.RELEASE\spring-beans-3.1.0.RELEASE.jar;C:\Users\cmaluqui\.m2\repository\org\springframework\spring-web\3.1.0.RELEASE\spring-web-3.1.0.RELEASE.jar;C:\Users\cmaluqui\.m2\repository\aopalliance\aopalliance\1.0\aopalliance-1.0.jar;C:\Users\cmaluqui\.m2\repository\org\springframework\spring-context\3.1.0.RELEASE\spring-context-3.1.0.RELEASE.jar;C:\Users\cmaluqui\.m2\repository\org\springframework\spring-expression\3.1.0.RELEASE\spring-expression-3.1.0.RELEASE.jar;C:\Users\cmaluqui\.m2\repository\org\springframework\spring-jdbc\3.1.0.RELEASE\spring-jdbc-3.1.0.RELEASE.jar;C:\Users\cmaluqui\.m2\repository\org\springframework\spring-tx\3.1.0.RELEASE\spring-tx-3.1.0.RELEASE.jar;C:\Users\cmaluqui\.m2\repository\org\springframework\spring-jms\3.1.0.RELEASE\spring-jms-3.1.0.RELEASE.jar;C:\Users\cmaluqui\.m2\repository\org\springframework\spring-aop\3.1.0.RELEASE\spring-aop-3.1.0.RELEASE.jar;C:\Users\cmaluqui\.m2\repository\javax\javaee-api\7.0\javaee-api-7.0.jar;C:\Users\cmaluqui\.m2\repository\com\sun\mail\javax.mail\1.5.0\javax.mail-1.5.0.jar;C:\Users\cmaluqui\.m2\repository\javax\activation\activation\1.1\activation-1.1.jar;C:\Users\cmaluqui\.m2\repository\com\jcraft\jsch\0.1.55\jsch-0.1.55.jar;"/>
    <property name="sun.cpu.endian" value="little"/>
    <property name="user.home" value="C:\Users\cmaluqui"/>
    <property name="user.language" value="es"/>
    <property name="java.specification.vendor" value="Oracle Corporation"/>
    <property name="java.home" value="C:\Program Files\Java\jdk1.8.0_241\jre"/>
    <property name="basedir" value="C:\Claro-GitLab\claro-post-documentossaldoreclamo\claro-post-documentosSaldoReclamo-integration"/>
    <property name="file.separator" value="\"/>
    <property name="line.separator" value="&#10;"/>
    <property name="java.vm.specification.vendor" value="Oracle Corporation"/>
    <property name="java.specification.name" value="Java Platform API Specification"/>
    <property name="java.awt.graphicsenv" value="sun.awt.Win32GraphicsEnvironment"/>
    <property name="surefire.real.class.path" value="C:\Users\cmaluqui\AppData\Local\Temp\surefire5613394412555655786\surefirebooter7323398023444292526.jar;C:\\Users\\cmaluqui\\.m2\\repository\\org\\jacoco\\org.jacoco.agent\\0.8.5\\org.jacoco.agent-0.8.5-runtime.jar"/>
    <property name="sun.boot.class.path" value="C:\Program Files\Java\jdk1.8.0_241\jre\lib\resources.jar;C:\Program Files\Java\jdk1.8.0_241\jre\lib\rt.jar;C:\Program Files\Java\jdk1.8.0_241\jre\lib\sunrsasign.jar;C:\Program Files\Java\jdk1.8.0_241\jre\lib\jsse.jar;C:\Program Files\Java\jdk1.8.0_241\jre\lib\jce.jar;C:\Program Files\Java\jdk1.8.0_241\jre\lib\charsets.jar;C:\Program Files\Java\jdk1.8.0_241\jre\lib\jfr.jar;C:\Program Files\Java\jdk1.8.0_241\jre\classes"/>
    <property name="user.script" value=""/>
    <property name="sun.management.compiler" value="HotSpot 64-Bit Tiered Compilers"/>
    <property name="java.runtime.version" value="1.8.0_241-b07"/>
    <property name="user.name" value="cmaluqui"/>
    <property name="path.separator" value=";"/>
    <property name="os.version" value="10.0"/>
    <property name="java.endorsed.dirs" value="C:\Program Files\Java\jdk1.8.0_241\jre\lib\endorsed"/>
    <property name="java.runtime.name" value="Java(TM) SE Runtime Environment"/>
    <property name="file.encoding" value="Cp1252"/>
    <property name="java.vm.name" value="Java HotSpot(TM) 64-Bit Server VM"/>
    <property name="localRepository" value="C:\Users\cmaluqui\.m2\repository"/>
    <property name="java.vendor.url.bug" value="http://bugreport.sun.com/bugreport/"/>
    <property name="java.io.tmpdir" value="C:\Users\cmaluqui\AppData\Local\Temp\"/>
    <property name="java.version" value="1.8.0_241"/>
    <property name="user.dir" value="C:\Claro-GitLab\claro-post-documentossaldoreclamo\claro-post-documentosSaldoReclamo-integration"/>
    <property name="os.arch" value="amd64"/>
    <property name="java.vm.specification.name" value="Java Virtual Machine Specification"/>
    <property name="java.awt.printerjob" value="sun.awt.windows.WPrinterJob"/>
    <property name="sun.os.patch.level" value=""/>
    <property name="java.library.path" value="C:\Program Files\Java\jdk1.8.0_241\jre\bin;C:\WINDOWS\Sun\Java\bin;C:\WINDOWS\system32;C:\WINDOWS;C:/Program Files/Java/jre1.8.0_241/bin/server;C:/Program Files/Java/jre1.8.0_241/bin;C:/Program Files/Java/jre1.8.0_241/lib/amd64;C:\oraclexe\app\oracle\product\11.2.0\server\bin;;C:\oraclexe\app\oracle\product\11.2.0\server\bin;C:\Program Files (x86)\Common Files\Oracle\Java\javapath;C:\Program Files (x86)\Intel\Intel(R) Management Engine Components\iCLS\;C:\Program Files\Intel\Intel(R) Management Engine Components\iCLS\;C:\WINDOWS\system32;C:\WINDOWS;C:\WINDOWS\System32\Wbem;C:\WINDOWS\System32\WindowsPowerShell\v1.0\;C:\Program Files\TortoiseSVN\bin;C:\Program Files (x86)\Intel\Intel(R) Management Engine Components\DAL;C:\Program Files\Intel\Intel(R) Management Engine Components\DAL;C:\WINDOWS\System32\OpenSSH\;C:\Program Files\Git\cmd;C:\Users\cmaluqui\Desktop\apache-maven-3.5.3\bin;C:\Program Files\Microsoft SQL Server\Client SDK\ODBC\130\Tools\Binn\;C:\Program Files (x86)\Microsoft SQL Server\140\Tools\Binn\;C:\Program Files\Microsoft SQL Server\140\Tools\Binn\;C:\Program Files\Microsoft SQL Server\140\DTS\Binn\;C:\Program Files (x86)\Microsoft SQL Server\150\DTS\Binn\;C:\Program Files (x86)\Symantec\VIP Access Client\;C:\Program Files\Java\jdk1.8.0_201\bin;C:\Users\cmaluqui\AppData\Local\Microsoft\WindowsApps;C:\Users\cmaluqui\AppData\Local\Programs\Microsoft VS Code\bin;C:\Users\cmaluqui\Desktop\STS 3.7.2\sts-bundle\sts-3.7.2.RELEASE;;."/>
    <property name="java.vm.info" value="mixed mode"/>
    <property name="java.vendor" value="Oracle Corporation"/>
    <property name="java.vm.version" value="25.241-b07"/>
    <property name="java.ext.dirs" value="C:\Program Files\Java\jdk1.8.0_241\jre\lib\ext;C:\WINDOWS\Sun\Java\lib\ext"/>
    <property name="sun.io.unicode.encoding" value="UnicodeLittle"/>
    <property name="java.class.version" value="52.0"/>
  </properties>
  <testcase name="testApp" classname="org.claro.post.documentosSaldoReclamo.integration.AppTest" time="0.002"/>
</testsuite>